# JRE version: Java(TM) SE Runtime Environment 18.9 (11.0.12+8) (build 11.0.12+8-LTS-237)
# Java VM: Java HotSpot(TM) 64-Bit Server VM 18.9 (11.0.12+8-LTS-237, mixed mode, tiered, compressed oops, g1 gc, windows-amd64)
Heap:
 garbage-first heap   total 157696K, used 17580K [0x0000000081400000, 0x0000000100000000)
  region size 1024K, 9 young (9216K), 9 survivors (9216K)
 Metaspace       used 42612K, capacity 44186K, committed 44496K, reserved 1087488K
  class space    used 5393K, capacity 6029K, committed 6144K, reserved 1048576K
GC Heap History (10 events):
Event: 4.004 GC heap after
{Heap after GC invocations=3 (full 0):
 garbage-first heap   total 131072K, used 6255K [0x0000000081400000, 0x0000000100000000)
  region size 1024K, 2 young (2048K), 2 survivors (2048K)
 Metaspace       used 16208K, capacity 16822K, committed 16896K, reserved 1064960K
  class space    used 1812K, capacity 2032K, committed 2048K, reserved 1048576K
}
Event: 5.125 GC heap before
{Heap before GC invocations=3 (full 0):
 garbage-first heap   total 131072K, used 30831K [0x0000000081400000, 0x0000000100000000)
  region size 1024K, 28 young (28672K), 2 survivors (2048K)
 Metaspace       used 20369K, capacity 21100K, committed 21296K, reserved 1069056K
  class space    used 2408K, capacity 2663K, committed 2688K, reserved 1048576K
}
Event: 5.133 GC heap after
{Heap after GC invocations=4 (full 0):
 garbage-first heap   total 131072K, used 7710K [0x0000000081400000, 0x0000000100000000)
  region size 1024K, 3 young (3072K), 3 survivors (3072K)
 Metaspace       used 20369K, capacity 21100K, committed 21296K, reserved 1069056K
  class space    used 2408K, capacity 2663K, committed 2688K, reserved 1048576K
}
Event: 6.428 GC heap before
{Heap before GC invocations=5 (full 0):
 garbage-first heap   total 131072K, used 52766K [0x0000000081400000, 0x0000000100000000)
  region size 1024K, 48 young (49152K), 3 survivors (3072K)
 Metaspace       used 27314K, capacity 28254K, committed 28544K, reserved 1075200K
  class space    used 3312K, capacity 3668K, committed 3712K, reserved 1048576K
}
Event: 6.438 GC heap after
{Heap after GC invocations=6 (full 0):
 garbage-first heap   total 131072K, used 9551K [0x0000000081400000, 0x0000000100000000)
  region size 1024K, 5 young (5120K), 5 survivors (5120K)
 Metaspace       used 27314K, capacity 28254K, committed 28544K, reserved 1075200K
  class space    used 3312K, capacity 3668K, committed 3712K, reserved 1048576K
}
Event: 8.882 GC heap before
{Heap before GC invocations=6 (full 0):
 garbage-first heap   total 131072K, used 68943K [0x0000000081400000, 0x0000000100000000)
  region size 1024K, 63 young (64512K), 5 survivors (5120K)
 Metaspace       used 31549K, capacity 32681K, committed 32768K, reserved 1077248K
  class space    used 3931K, capacity 4347K, committed 4352K, reserved 1048576K
}
Event: 8.897 GC heap after
{Heap after GC invocations=7 (full 0):
 garbage-first heap   total 131072K, used 11916K [0x0000000081400000, 0x0000000100000000)
  region size 1024K, 7 young (7168K), 7 survivors (7168K)
 Metaspace       used 31549K, capacity 32681K, committed 32768K, reserved 1077248K
  class space    used 3931K, capacity 4347K, committed 4352K, reserved 1048576K
}
Event: 10.109 GC heap before
{Heap before GC invocations=7 (full 0):
 garbage-first heap   total 131072K, used 45708K [0x0000000081400000, 0x0000000100000000)
  region size 1024K, 41 young (41984K), 7 survivors (7168K)
 Metaspace       used 34698K, capacity 35960K, committed 36048K, reserved 1081344K
  class space    used 4337K, capacity 4827K, committed 4864K, reserved 1048576K
}
Event: 10.128 GC heap after
{Heap after GC invocations=8 (full 0):
 garbage-first heap   total 131072K, used 13405K [0x0000000081400000, 0x0000000100000000)
  region size 1024K, 6 young (6144K), 6 survivors (6144K)
 Metaspace       used 34698K, capacity 35960K, committed 36048K, reserved 1081344K
  class space    used 4337K, capacity 4827K, committed 4864K, reserved 1048576K
}
Event: 13.367 GC heap before
{Heap before GC invocations=9 (full 0):
 garbage-first heap   total 131072K, used 85085K [0x0000000081400000, 0x0000000100000000)
  region size 1024K, 76 young (77824K), 6 survivors (6144K)
 Metaspace       used 42612K, capacity 44186K, committed 44496K, reserved 1087488K
  class space    used 5393K, capacity 6029K, committed 6144K, reserved 1048576K
}

